<?xml version="1.0" encoding="UTF-8"?>
<!-- Generated by org.testng.reporters.JUnitReportReporter -->
<testsuite hostname="DESKTOP-BQF1K81" failures="0" tests="1" name="testcases.ClearShoppingPage_Test" time="7.036" errors="0" timestamp="2022-11-13T13:04:45 IST" skipped="0">
  <testcase classname="testcases.ClearShoppingPage_Test" name="clearshoppingcard" time="7.036"/>
  <system-out/>
</testsuite> <!-- testcases.ClearShoppingPage_Test -->
