<?xml version="1.0" encoding="UTF-8"?>
<!-- Generated by org.testng.reporters.JUnitReportReporter -->
<testsuite hostname="DESKTOP-BQF1K81" failures="0" tests="1" name="testcases.SuccessOrderPage_Test" time="13.791" errors="0" timestamp="2022-11-13T13:04:45 IST" skipped="0">
  <testcase classname="testcases.SuccessOrderPage_Test" name="successOrder_Page" time="13.791"/>
  <system-out/>
</testsuite> <!-- testcases.SuccessOrderPage_Test -->
