<?xml version="1.0" encoding="UTF-8"?>
<!-- Generated by org.testng.reporters.JUnitReportReporter -->
<testsuite hostname="DESKTOP-BQF1K81" failures="0" tests="1" name="testcases.CheckoutDetailsPage_Test" time="5.845" errors="0" timestamp="2022-11-13T13:04:45 IST" skipped="0">
  <testcase classname="testcases.CheckoutDetailsPage_Test" name="checkoutDetails_Page" time="5.845"/>
  <system-out/>
</testsuite> <!-- testcases.CheckoutDetailsPage_Test -->
