<?xml version="1.0" encoding="UTF-8"?>
<!-- Generated by org.testng.reporters.JUnitReportReporter -->
<testsuite hostname="DESKTOP-BQF1K81" failures="0" tests="1" name="testcases.OpenBrowserAndUrl_Test" time="9.638" errors="0" timestamp="2022-11-13T13:07:43 IST" skipped="0">
  <testcase classname="testcases.OpenBrowserAndUrl_Test" name="openBrowserAndURL" time="9.638"/>
  <system-out/>
</testsuite> <!-- testcases.OpenBrowserAndUrl_Test -->
